Looking for git in: git
Using git 1.8.3.1 from git
> git rev-parse --git-dir
Open repository: /projects/Django
> git status -z -u
> git symbolic-ref --short HEAD
> git for-each-ref --format=%(refname)%00%(upstream:short)%00%(objectname) refs/heads/main refs/remotes/main
> git rev-list --left-right --count main...origin/main
> git for-each-ref --sort -committerdate --format %(refname) %(objectname) %(*objectname)
> git remote --verbose
Warning: Failed to watch ref '/projects/Django/.git/refs/remotes/origin/main', is most likely packed.
> git config --get commit.template
> git check-ignore -v -z --stdin
> git show --textconv :config/settings.py
> git ls-files --stage -- /projects/Django/config/settings.py
> git cat-file -s ec7e5e5586d4beb03222cb748232b8870ad8757d
Opening repository for path='/etc/systemd/system' failed; ex=Failed to execute git {
  "exitCode": 128,
  "gitErrorCode": "NotAGitRepository",
  "gitCommand": "rev-parse",
  "stdout": "",
  "stderr": "fatal: Not a git repository (or any of the parent directories): .git\n"
}
> git show --textconv :config/settings.py
> git ls-files --stage -- /projects/Django/config/settings.py
> git cat-file -s ec7e5e5586d4beb03222cb748232b8870ad8757d
Opening repository for path='/etc/systemd/system' failed; ex=Failed to execute git {
  "exitCode": 128,
  "gitErrorCode": "NotAGitRepository",
  "gitCommand": "rev-parse",
  "stdout": "",
  "stderr": "fatal: Not a git repository (or any of the parent directories): .git\n"
}
